<?xml version="1.0" encoding="UTF-8"?>
<testng-results ignored="0" total="1" passed="1" failed="0" skipped="0">
  <reporter-output>
  </reporter-output>
  <suite started-at="2022-08-26T14:31:48Z" name="Default suite" finished-at="2022-08-26T14:32:24Z" duration-ms="35602">
    <groups>
      <group name="cucumber">
        <method signature="AbstractTestNGCucumberTests.runScenario(io.cucumber.testng.PickleWrapper, io.cucumber.testng.FeatureWrapper)[pri:0, instance:RunCukesTest@1984b1f]" name="runScenario" class="io.cucumber.testng.AbstractTestNGCucumberTests"/>
      </group> <!-- cucumber -->
    </groups>
    <test started-at="2022-08-26T14:31:48Z" name="Default test" finished-at="2022-08-26T14:32:24Z" duration-ms="35602">
      <class name="RunCukesTest">
        <test-method is-config="true" signature="setUpClass()[pri:0, instance:RunCukesTest@1984b1f]" started-at="2022-08-26T14:31:48Z" name="setUpClass" finished-at="2022-08-26T14:31:48Z" duration-ms="361" status="PASS">
          <reporter-output>
          </reporter-output>
        </test-method> <!-- setUpClass -->
        <test-method signature="runScenario(io.cucumber.testng.PickleWrapper, io.cucumber.testng.FeatureWrapper)[pri:0, instance:RunCukesTest@1984b1f]" started-at="2022-08-26T14:31:48Z" name="runScenario" description="Runs Cucumber Scenarios" data-provider="scenarios" finished-at="2022-08-26T14:32:23Z" duration-ms="35164" status="PASS">
          <params>
            <param index="0">
              <value>
                <![CDATA["Search dresses"]]>
              </value>
            </param>
            <param index="1">
              <value>
                <![CDATA["Optional[Search]"]]>
              </value>
            </param>
          </params>
          <reporter-output>
          </reporter-output>
        </test-method> <!-- runScenario -->
        <test-method is-config="true" signature="tearDownClass()[pri:0, instance:RunCukesTest@1984b1f]" started-at="2022-08-26T14:32:23Z" name="tearDownClass" finished-at="2022-08-26T14:32:24Z" duration-ms="31" status="PASS">
          <reporter-output>
          </reporter-output>
        </test-method> <!-- tearDownClass -->
      </class> <!-- RunCukesTest -->
    </test> <!-- Default test -->
  </suite> <!-- Default suite -->
</testng-results>
